# JRE version: Java(TM) SE Runtime Environment (24.0.1+9) (build 24.0.1+9-30)
# Java VM: Java HotSpot(TM) 64-Bit Server VM (24.0.1+9-30, mixed mode, sharing, tiered, compressed oops, compressed class ptrs, g1 gc, windows-amd64)
GC Precious Log:
 CardTable entry size: 512
 Card Set container configuration: InlinePtr #cards 5 size 8 Array Of Cards #cards 10 size 36 Howl #buckets 4 coarsen threshold 1843 Howl Bitmap #cards 512 size 80 coarsen threshold 460 Card regions per heap region 1 cards per card region 2048
 CPUs: 2 total, 2 available
 Memory: 3902M
 Large Page Support: Disabled
 NUMA Support: Disabled
 Compressed Oops: Enabled (32-bit)
 Heap Region Size: 1M
 Heap Min Capacity: 8M
 Heap Initial Capacity: 62M
 Heap Max Capacity: 976M
 Pre-touch: Disabled
 Parallel Workers: 2
 Concurrent Workers: 1
 Concurrent Refinement Workers: 2
 Periodic GC: Disabled
Heap:
 garbage-first heap   total reserved 999424K, committed 99328K, used 66494K [0x00000000c3000000, 0x0000000100000000)
  region size 1024K, 7 young (7168K), 4 survivors (4096K)
 Metaspace       used 25633K, committed 25984K, reserved 1114112K
  class space    used 2991K, committed 3136K, reserved 1048576K
GC Heap History (18 events):
Event: 1.922 GC heap before
{Heap before GC invocations=0 (full 0):
 garbage-first heap   total reserved 999424K, committed 65536K, used 14452K [0x00000000c3000000, 0x0000000100000000)
  region size 1024K, 14 young (14336K), 0 survivors (0K)
 Metaspace       used 1444K, committed 1664K, reserved 1114112K
  class space    used 98K, committed 192K, reserved 1048576K
}
Event: 1.927 GC heap after
{Heap after GC invocations=1 (full 0):
 garbage-first heap   total reserved 999424K, committed 65536K, used 2324K [0x00000000c3000000, 0x0000000100000000)
  region size 1024K, 2 young (2048K), 2 survivors (2048K)
 Metaspace       used 1444K, committed 1664K, reserved 1114112K
  class space    used 98K, committed 192K, reserved 1048576K
}
Event: 4.290 GC heap before
{Heap before GC invocations=1 (full 0):
 garbage-first heap   total reserved 999424K, committed 65536K, used 27924K [0x00000000c3000000, 0x0000000100000000)
  region size 1024K, 28 young (28672K), 2 survivors (2048K)
 Metaspace       used 8444K, committed 8640K, reserved 1114112K
  class space    used 839K, committed 960K, reserved 1048576K
}
Event: 4.314 GC heap after
{Heap after GC invocations=2 (full 0):
 garbage-first heap   total reserved 999424K, committed 65536K, used 5741K [0x00000000c3000000, 0x0000000100000000)
  region size 1024K, 4 young (4096K), 4 survivors (4096K)
 Metaspace       used 8444K, committed 8640K, reserved 1114112K
  class space    used 839K, committed 960K, reserved 1048576K
}
Event: 6.451 GC heap before
{Heap before GC invocations=2 (full 0):
 garbage-first heap   total reserved 999424K, committed 65536K, used 33389K [0x00000000c3000000, 0x0000000100000000)
  region size 1024K, 32 young (32768K), 4 survivors (4096K)
 Metaspace       used 13469K, committed 13696K, reserved 1114112K
  class space    used 1745K, committed 1856K, reserved 1048576K
}
Event: 6.481 GC heap after
{Heap after GC invocations=3 (full 0):
 garbage-first heap   total reserved 999424K, committed 65536K, used 7877K [0x00000000c3000000, 0x0000000100000000)
  region size 1024K, 2 young (2048K), 2 survivors (2048K)
 Metaspace       used 13469K, committed 13696K, reserved 1114112K
  class space    used 1745K, committed 1856K, reserved 1048576K
}
Event: 66.403 GC heap before
{Heap before GC invocations=3 (full 0):
 garbage-first heap   total reserved 999424K, committed 65536K, used 35525K [0x00000000c3000000, 0x0000000100000000)
  region size 1024K, 29 young (29696K), 2 survivors (2048K)
 Metaspace       used 21252K, committed 21504K, reserved 1114112K
  class space    used 2474K, committed 2560K, reserved 1048576K
}
Event: 66.432 GC heap after
{Heap after GC invocations=4 (full 0):
 garbage-first heap   total reserved 999424K, committed 65536K, used 12877K [0x00000000c3000000, 0x0000000100000000)
  region size 1024K, 4 young (4096K), 4 survivors (4096K)
 Metaspace       used 21252K, committed 21504K, reserved 1114112K
  class space    used 2474K, committed 2560K, reserved 1048576K
}
Event: 125.683 GC heap before
{Heap before GC invocations=5 (full 0):
 garbage-first heap   total reserved 999424K, committed 64512K, used 63053K [0x00000000c3000000, 0x0000000100000000)
  region size 1024K, 10 young (10240K), 4 survivors (4096K)
 Metaspace       used 21939K, committed 22336K, reserved 1114112K
  class space    used 2556K, committed 2752K, reserved 1048576K
}
Event: 125.700 GC heap after
{Heap after GC invocations=6 (full 0):
 garbage-first heap   total reserved 999424K, committed 69632K, used 57833K [0x00000000c3000000, 0x0000000100000000)
  region size 1024K, 1 young (1024K), 1 survivors (1024K)
 Metaspace       used 21939K, committed 22336K, reserved 1114112K
  class space    used 2556K, committed 2752K, reserved 1048576K
}
Event: 208.209 GC heap before
{Heap before GC invocations=6 (full 0):
 garbage-first heap   total reserved 999424K, committed 69632K, used 62953K [0x00000000c3000000, 0x0000000100000000)
  region size 1024K, 6 young (6144K), 1 survivors (1024K)
 Metaspace       used 22545K, committed 22912K, reserved 1114112K
  class space    used 2668K, committed 2816K, reserved 1048576K
}
Event: 208.216 GC heap after
{Heap after GC invocations=7 (full 0):
 garbage-first heap   total reserved 999424K, committed 69632K, used 58219K [0x00000000c3000000, 0x0000000100000000)
  region size 1024K, 1 young (1024K), 1 survivors (1024K)
 Metaspace       used 22545K, committed 22912K, reserved 1114112K
  class space    used 2668K, committed 2816K, reserved 1048576K
}
Event: 210.394 GC heap before
{Heap before GC invocations=7 (full 0):
 garbage-first heap   total reserved 999424K, committed 69632K, used 62315K [0x00000000c3000000, 0x0000000100000000)
  region size 1024K, 6 young (6144K), 1 survivors (1024K)
 Metaspace       used 22987K, committed 23296K, reserved 1114112K
  class space    used 2731K, committed 2880K, reserved 1048576K
}
Event: 210.400 GC heap after
{Heap after GC invocations=8 (full 0):
 garbage-first heap   total reserved 999424K, committed 69632K, used 58318K [0x00000000c3000000, 0x0000000100000000)
  region size 1024K, 1 young (1024K), 1 survivors (1024K)
 Metaspace       used 22987K, committed 23296K, reserved 1114112K
  class space    used 2731K, committed 2880K, reserved 1048576K
}
Event: 210.595 GC heap before
{Heap before GC invocations=9 (full 0):
 garbage-first heap   total reserved 999424K, committed 99328K, used 61390K [0x00000000c3000000, 0x0000000100000000)
  region size 1024K, 4 young (4096K), 1 survivors (1024K)
 Metaspace       used 23014K, committed 23424K, reserved 1114112K
  class space    used 2731K, committed 2880K, reserved 1048576K
}
Event: 210.598 GC heap after
{Heap after GC invocations=10 (full 0):
 garbage-first heap   total reserved 999424K, committed 99328K, used 58399K [0x00000000c3000000, 0x0000000100000000)
  region size 1024K, 1 young (1024K), 1 survivors (1024K)
 Metaspace       used 23014K, committed 23424K, reserved 1114112K
  class space    used 2731K, committed 2880K, reserved 1048576K
}
Event: 243.500 GC heap before
{Heap before GC invocations=10 (full 0):
 garbage-first heap   total reserved 999424K, committed 99328K, used 87071K [0x00000000c3000000, 0x0000000100000000)
  region size 1024K, 30 young (30720K), 1 survivors (1024K)
 Metaspace       used 25557K, committed 25920K, reserved 1114112K
  class space    used 2986K, committed 3136K, reserved 1048576K
}
Event: 243.523 GC heap after
{Heap after GC invocations=11 (full 0):
 garbage-first heap   total reserved 999424K, committed 99328K, used 64446K [0x00000000c3000000, 0x0000000100000000)
  region size 1024K, 4 young (4096K), 4 survivors (4096K)
 Metaspace       used 25557K, committed 25920K, reserved 1114112K
  class space    used 2986K, committed 3136K, reserved 1048576K
}

